2015/04/25 16:15:14 [error] [php] date(): It is not safe to rely on the system's timezone settings. You are *required* to use the date.timezone setting or the date_default_timezone_set() function. In case you used any of those methods and you are still getting this warning, you most likely misspelled the timezone identifier. We selected the timezone 'UTC' for now, but please set date.timezone to select your timezone. (/var/www/myblog/protected/views/layouts/main.php:51)
Stack trace:
#0 /var/www/yii/framework/web/CBaseController.php(95): SiteController->renderInternal()
#1 /var/www/yii/framework/web/widgets/CContentDecorator.php(76): SiteController->renderFile()
#2 /var/www/yii/framework/web/widgets/CContentDecorator.php(54): CContentDecorator->decorate()
#3 /var/www/yii/framework/web/widgets/COutputProcessor.php(44): CContentDecorator->processOutput()
#4 /var/www/yii/framework/web/CBaseController.php(214): CContentDecorator->run()
#5 /var/www/yii/framework/web/CBaseController.php(308): SiteController->endWidget()
#6 /var/www/myblog/protected/views/layouts/column1.php(6): SiteController->endContent()
#7 /var/www/yii/framework/web/CBaseController.php(126): require()
#8 /var/www/yii/framework/web/CBaseController.php(95): SiteController->renderInternal()
#9 /var/www/yii/framework/web/CController.php(784): SiteController->renderFile()
#10 /var/www/myblog/protected/controllers/SiteController.php(32): SiteController->render()
#11 /var/www/yii/framework/web/actions/CInlineAction.php(49): SiteController->actionIndex()
#12 /var/www/yii/framework/web/CController.php(308): CInlineAction->runWithParams()
#13 /var/www/yii/framework/web/CController.php(286): SiteController->runAction()
#14 /var/www/yii/framework/web/CController.php(265): SiteController->runActionWithFilters()
#15 /var/www/yii/framework/web/CWebApplication.php(282): SiteController->run()
#16 /var/www/yii/framework/web/CWebApplication.php(141): CWebApplication->runController()
#17 /var/www/yii/framework/base/CApplication.php(184): CWebApplication->processRequest()
#18 /var/www/myblog/index.php(13): CWebApplication->run()
REQUEST_URI=/myblog/index.php
in /var/www/myblog/protected/views/layouts/main.php (51)
in /var/www/myblog/protected/views/layouts/column1.php (6)
in /var/www/myblog/protected/controllers/SiteController.php (32)
2015/04/25 16:15:48 [error] [php] date(): It is not safe to rely on the system's timezone settings. You are *required* to use the date.timezone setting or the date_default_timezone_set() function. In case you used any of those methods and you are still getting this warning, you most likely misspelled the timezone identifier. We selected the timezone 'UTC' for now, but please set date.timezone to select your timezone. (/var/www/myblog/protected/views/layouts/main.php:51)
Stack trace:
#0 /var/www/yii/framework/web/CBaseController.php(95): SiteController->renderInternal()
#1 /var/www/yii/framework/web/widgets/CContentDecorator.php(76): SiteController->renderFile()
#2 /var/www/yii/framework/web/widgets/CContentDecorator.php(54): CContentDecorator->decorate()
#3 /var/www/yii/framework/web/widgets/COutputProcessor.php(44): CContentDecorator->processOutput()
#4 /var/www/yii/framework/web/CBaseController.php(214): CContentDecorator->run()
#5 /var/www/yii/framework/web/CBaseController.php(308): SiteController->endWidget()
#6 /var/www/myblog/protected/views/layouts/column1.php(6): SiteController->endContent()
#7 /var/www/yii/framework/web/CBaseController.php(126): require()
#8 /var/www/yii/framework/web/CBaseController.php(95): SiteController->renderInternal()
#9 /var/www/yii/framework/web/CController.php(784): SiteController->renderFile()
#10 /var/www/myblog/protected/controllers/SiteController.php(32): SiteController->render()
#11 /var/www/yii/framework/web/actions/CInlineAction.php(49): SiteController->actionIndex()
#12 /var/www/yii/framework/web/CController.php(308): CInlineAction->runWithParams()
#13 /var/www/yii/framework/web/CController.php(286): SiteController->runAction()
#14 /var/www/yii/framework/web/CController.php(265): SiteController->runActionWithFilters()
#15 /var/www/yii/framework/web/CWebApplication.php(282): SiteController->run()
#16 /var/www/yii/framework/web/CWebApplication.php(141): CWebApplication->runController()
#17 /var/www/yii/framework/base/CApplication.php(184): CWebApplication->processRequest()
#18 /var/www/myblog/index.php(13): CWebApplication->run()
REQUEST_URI=/myblog/index.php
in /var/www/myblog/protected/views/layouts/main.php (51)
in /var/www/myblog/protected/views/layouts/column1.php (6)
in /var/www/myblog/protected/controllers/SiteController.php (32)
2015/04/25 16:15:49 [error] [php] date(): It is not safe to rely on the system's timezone settings. You are *required* to use the date.timezone setting or the date_default_timezone_set() function. In case you used any of those methods and you are still getting this warning, you most likely misspelled the timezone identifier. We selected the timezone 'UTC' for now, but please set date.timezone to select your timezone. (/var/www/myblog/protected/views/layouts/main.php:51)
Stack trace:
#0 /var/www/yii/framework/web/CBaseController.php(95): SiteController->renderInternal()
#1 /var/www/yii/framework/web/widgets/CContentDecorator.php(76): SiteController->renderFile()
#2 /var/www/yii/framework/web/widgets/CContentDecorator.php(54): CContentDecorator->decorate()
#3 /var/www/yii/framework/web/widgets/COutputProcessor.php(44): CContentDecorator->processOutput()
#4 /var/www/yii/framework/web/CBaseController.php(214): CContentDecorator->run()
#5 /var/www/yii/framework/web/CBaseController.php(308): SiteController->endWidget()
#6 /var/www/myblog/protected/views/layouts/column1.php(6): SiteController->endContent()
#7 /var/www/yii/framework/web/CBaseController.php(126): require()
#8 /var/www/yii/framework/web/CBaseController.php(95): SiteController->renderInternal()
#9 /var/www/yii/framework/web/CController.php(784): SiteController->renderFile()
#10 /var/www/myblog/protected/controllers/SiteController.php(32): SiteController->render()
#11 /var/www/yii/framework/web/actions/CInlineAction.php(49): SiteController->actionIndex()
#12 /var/www/yii/framework/web/CController.php(308): CInlineAction->runWithParams()
#13 /var/www/yii/framework/web/CController.php(286): SiteController->runAction()
#14 /var/www/yii/framework/web/CController.php(265): SiteController->runActionWithFilters()
#15 /var/www/yii/framework/web/CWebApplication.php(282): SiteController->run()
#16 /var/www/yii/framework/web/CWebApplication.php(141): CWebApplication->runController()
#17 /var/www/yii/framework/base/CApplication.php(184): CWebApplication->processRequest()
#18 /var/www/myblog/index.php(13): CWebApplication->run()
REQUEST_URI=/myblog/index.php
in /var/www/myblog/protected/views/layouts/main.php (51)
in /var/www/myblog/protected/views/layouts/column1.php (6)
in /var/www/myblog/protected/controllers/SiteController.php (32)
2015/04/25 16:31:42 [error] [php] date(): It is not safe to rely on the system's timezone settings. You are *required* to use the date.timezone setting or the date_default_timezone_set() function. In case you used any of those methods and you are still getting this warning, you most likely misspelled the timezone identifier. We selected the timezone 'UTC' for now, but please set date.timezone to select your timezone. (/var/www/myblog/protected/views/layouts/main.php:51)
Stack trace:
#0 /var/www/yii/framework/web/CBaseController.php(95): SiteController->renderInternal()
#1 /var/www/yii/framework/web/widgets/CContentDecorator.php(76): SiteController->renderFile()
#2 /var/www/yii/framework/web/widgets/CContentDecorator.php(54): CContentDecorator->decorate()
#3 /var/www/yii/framework/web/widgets/COutputProcessor.php(44): CContentDecorator->processOutput()
#4 /var/www/yii/framework/web/CBaseController.php(214): CContentDecorator->run()
#5 /var/www/yii/framework/web/CBaseController.php(308): SiteController->endWidget()
#6 /var/www/myblog/protected/views/layouts/column1.php(6): SiteController->endContent()
#7 /var/www/yii/framework/web/CBaseController.php(126): require()
#8 /var/www/yii/framework/web/CBaseController.php(95): SiteController->renderInternal()
#9 /var/www/yii/framework/web/CController.php(784): SiteController->renderFile()
#10 /var/www/myblog/protected/controllers/SiteController.php(32): SiteController->render()
#11 /var/www/yii/framework/web/actions/CInlineAction.php(49): SiteController->actionIndex()
#12 /var/www/yii/framework/web/CController.php(308): CInlineAction->runWithParams()
#13 /var/www/yii/framework/web/CController.php(286): SiteController->runAction()
#14 /var/www/yii/framework/web/CController.php(265): SiteController->runActionWithFilters()
#15 /var/www/yii/framework/web/CWebApplication.php(282): SiteController->run()
#16 /var/www/yii/framework/web/CWebApplication.php(141): CWebApplication->runController()
#17 /var/www/yii/framework/base/CApplication.php(184): CWebApplication->processRequest()
#18 /var/www/myblog/index.php(13): CWebApplication->run()
REQUEST_URI=/myblog/index.php
in /var/www/myblog/protected/views/layouts/main.php (51)
in /var/www/myblog/protected/views/layouts/column1.php (6)
in /var/www/myblog/protected/controllers/SiteController.php (32)
2015/04/25 16:32:08 [error] [php] date(): Invalid date.timezone value 'Asia/Hanoi', we selected the timezone 'UTC' for now. (/var/www/myblog/protected/views/layouts/main.php:51)
Stack trace:
#0 /var/www/yii/framework/web/CBaseController.php(95): SiteController->renderInternal()
#1 /var/www/yii/framework/web/widgets/CContentDecorator.php(76): SiteController->renderFile()
#2 /var/www/yii/framework/web/widgets/CContentDecorator.php(54): CContentDecorator->decorate()
#3 /var/www/yii/framework/web/widgets/COutputProcessor.php(44): CContentDecorator->processOutput()
#4 /var/www/yii/framework/web/CBaseController.php(214): CContentDecorator->run()
#5 /var/www/yii/framework/web/CBaseController.php(308): SiteController->endWidget()
#6 /var/www/myblog/protected/views/layouts/column1.php(6): SiteController->endContent()
#7 /var/www/yii/framework/web/CBaseController.php(126): require()
#8 /var/www/yii/framework/web/CBaseController.php(95): SiteController->renderInternal()
#9 /var/www/yii/framework/web/CController.php(784): SiteController->renderFile()
#10 /var/www/myblog/protected/controllers/SiteController.php(32): SiteController->render()
#11 /var/www/yii/framework/web/actions/CInlineAction.php(49): SiteController->actionIndex()
#12 /var/www/yii/framework/web/CController.php(308): CInlineAction->runWithParams()
#13 /var/www/yii/framework/web/CController.php(286): SiteController->runAction()
#14 /var/www/yii/framework/web/CController.php(265): SiteController->runActionWithFilters()
#15 /var/www/yii/framework/web/CWebApplication.php(282): SiteController->run()
#16 /var/www/yii/framework/web/CWebApplication.php(141): CWebApplication->runController()
#17 /var/www/yii/framework/base/CApplication.php(184): CWebApplication->processRequest()
#18 /var/www/myblog/index.php(13): CWebApplication->run()
REQUEST_URI=/myblog/index.php
in /var/www/myblog/protected/views/layouts/main.php (51)
in /var/www/myblog/protected/views/layouts/column1.php (6)
in /var/www/myblog/protected/controllers/SiteController.php (32)
2015/04/25 16:32:09 [error] [php] date(): Invalid date.timezone value 'Asia/Hanoi', we selected the timezone 'UTC' for now. (/var/www/myblog/protected/views/layouts/main.php:51)
Stack trace:
#0 /var/www/yii/framework/web/CBaseController.php(95): SiteController->renderInternal()
#1 /var/www/yii/framework/web/widgets/CContentDecorator.php(76): SiteController->renderFile()
#2 /var/www/yii/framework/web/widgets/CContentDecorator.php(54): CContentDecorator->decorate()
#3 /var/www/yii/framework/web/widgets/COutputProcessor.php(44): CContentDecorator->processOutput()
#4 /var/www/yii/framework/web/CBaseController.php(214): CContentDecorator->run()
#5 /var/www/yii/framework/web/CBaseController.php(308): SiteController->endWidget()
#6 /var/www/myblog/protected/views/layouts/column1.php(6): SiteController->endContent()
#7 /var/www/yii/framework/web/CBaseController.php(126): require()
#8 /var/www/yii/framework/web/CBaseController.php(95): SiteController->renderInternal()
#9 /var/www/yii/framework/web/CController.php(784): SiteController->renderFile()
#10 /var/www/myblog/protected/controllers/SiteController.php(32): SiteController->render()
#11 /var/www/yii/framework/web/actions/CInlineAction.php(49): SiteController->actionIndex()
#12 /var/www/yii/framework/web/CController.php(308): CInlineAction->runWithParams()
#13 /var/www/yii/framework/web/CController.php(286): SiteController->runAction()
#14 /var/www/yii/framework/web/CController.php(265): SiteController->runActionWithFilters()
#15 /var/www/yii/framework/web/CWebApplication.php(282): SiteController->run()
#16 /var/www/yii/framework/web/CWebApplication.php(141): CWebApplication->runController()
#17 /var/www/yii/framework/base/CApplication.php(184): CWebApplication->processRequest()
#18 /var/www/myblog/index.php(13): CWebApplication->run()
REQUEST_URI=/myblog/index.php
in /var/www/myblog/protected/views/layouts/main.php (51)
in /var/www/myblog/protected/views/layouts/column1.php (6)
in /var/www/myblog/protected/controllers/SiteController.php (32)
2015/04/25 16:32:10 [error] [php] date(): Invalid date.timezone value 'Asia/Hanoi', we selected the timezone 'UTC' for now. (/var/www/myblog/protected/views/layouts/main.php:51)
Stack trace:
#0 /var/www/yii/framework/web/CBaseController.php(95): SiteController->renderInternal()
#1 /var/www/yii/framework/web/widgets/CContentDecorator.php(76): SiteController->renderFile()
#2 /var/www/yii/framework/web/widgets/CContentDecorator.php(54): CContentDecorator->decorate()
#3 /var/www/yii/framework/web/widgets/COutputProcessor.php(44): CContentDecorator->processOutput()
#4 /var/www/yii/framework/web/CBaseController.php(214): CContentDecorator->run()
#5 /var/www/yii/framework/web/CBaseController.php(308): SiteController->endWidget()
#6 /var/www/myblog/protected/views/layouts/column1.php(6): SiteController->endContent()
#7 /var/www/yii/framework/web/CBaseController.php(126): require()
#8 /var/www/yii/framework/web/CBaseController.php(95): SiteController->renderInternal()
#9 /var/www/yii/framework/web/CController.php(784): SiteController->renderFile()
#10 /var/www/myblog/protected/controllers/SiteController.php(32): SiteController->render()
#11 /var/www/yii/framework/web/actions/CInlineAction.php(49): SiteController->actionIndex()
#12 /var/www/yii/framework/web/CController.php(308): CInlineAction->runWithParams()
#13 /var/www/yii/framework/web/CController.php(286): SiteController->runAction()
#14 /var/www/yii/framework/web/CController.php(265): SiteController->runActionWithFilters()
#15 /var/www/yii/framework/web/CWebApplication.php(282): SiteController->run()
#16 /var/www/yii/framework/web/CWebApplication.php(141): CWebApplication->runController()
#17 /var/www/yii/framework/base/CApplication.php(184): CWebApplication->processRequest()
#18 /var/www/myblog/index.php(13): CWebApplication->run()
REQUEST_URI=/myblog/index.php
in /var/www/myblog/protected/views/layouts/main.php (51)
in /var/www/myblog/protected/views/layouts/column1.php (6)
in /var/www/myblog/protected/controllers/SiteController.php (32)
2015/04/25 16:32:10 [error] [php] date(): Invalid date.timezone value 'Asia/Hanoi', we selected the timezone 'UTC' for now. (/var/www/myblog/protected/views/layouts/main.php:51)
Stack trace:
#0 /var/www/yii/framework/web/CBaseController.php(95): SiteController->renderInternal()
#1 /var/www/yii/framework/web/widgets/CContentDecorator.php(76): SiteController->renderFile()
#2 /var/www/yii/framework/web/widgets/CContentDecorator.php(54): CContentDecorator->decorate()
#3 /var/www/yii/framework/web/widgets/COutputProcessor.php(44): CContentDecorator->processOutput()
#4 /var/www/yii/framework/web/CBaseController.php(214): CContentDecorator->run()
#5 /var/www/yii/framework/web/CBaseController.php(308): SiteController->endWidget()
#6 /var/www/myblog/protected/views/layouts/column1.php(6): SiteController->endContent()
#7 /var/www/yii/framework/web/CBaseController.php(126): require()
#8 /var/www/yii/framework/web/CBaseController.php(95): SiteController->renderInternal()
#9 /var/www/yii/framework/web/CController.php(784): SiteController->renderFile()
#10 /var/www/myblog/protected/controllers/SiteController.php(32): SiteController->render()
#11 /var/www/yii/framework/web/actions/CInlineAction.php(49): SiteController->actionIndex()
#12 /var/www/yii/framework/web/CController.php(308): CInlineAction->runWithParams()
#13 /var/www/yii/framework/web/CController.php(286): SiteController->runAction()
#14 /var/www/yii/framework/web/CController.php(265): SiteController->runActionWithFilters()
#15 /var/www/yii/framework/web/CWebApplication.php(282): SiteController->run()
#16 /var/www/yii/framework/web/CWebApplication.php(141): CWebApplication->runController()
#17 /var/www/yii/framework/base/CApplication.php(184): CWebApplication->processRequest()
#18 /var/www/myblog/index.php(13): CWebApplication->run()
REQUEST_URI=/myblog/index.php
in /var/www/myblog/protected/views/layouts/main.php (51)
in /var/www/myblog/protected/views/layouts/column1.php (6)
in /var/www/myblog/protected/controllers/SiteController.php (32)
2015/04/25 16:32:10 [error] [php] date(): Invalid date.timezone value 'Asia/Hanoi', we selected the timezone 'UTC' for now. (/var/www/myblog/protected/views/layouts/main.php:51)
Stack trace:
#0 /var/www/yii/framework/web/CBaseController.php(95): SiteController->renderInternal()
#1 /var/www/yii/framework/web/widgets/CContentDecorator.php(76): SiteController->renderFile()
#2 /var/www/yii/framework/web/widgets/CContentDecorator.php(54): CContentDecorator->decorate()
#3 /var/www/yii/framework/web/widgets/COutputProcessor.php(44): CContentDecorator->processOutput()
#4 /var/www/yii/framework/web/CBaseController.php(214): CContentDecorator->run()
#5 /var/www/yii/framework/web/CBaseController.php(308): SiteController->endWidget()
#6 /var/www/myblog/protected/views/layouts/column1.php(6): SiteController->endContent()
#7 /var/www/yii/framework/web/CBaseController.php(126): require()
#8 /var/www/yii/framework/web/CBaseController.php(95): SiteController->renderInternal()
#9 /var/www/yii/framework/web/CController.php(784): SiteController->renderFile()
#10 /var/www/myblog/protected/controllers/SiteController.php(32): SiteController->render()
#11 /var/www/yii/framework/web/actions/CInlineAction.php(49): SiteController->actionIndex()
#12 /var/www/yii/framework/web/CController.php(308): CInlineAction->runWithParams()
#13 /var/www/yii/framework/web/CController.php(286): SiteController->runAction()
#14 /var/www/yii/framework/web/CController.php(265): SiteController->runActionWithFilters()
#15 /var/www/yii/framework/web/CWebApplication.php(282): SiteController->run()
#16 /var/www/yii/framework/web/CWebApplication.php(141): CWebApplication->runController()
#17 /var/www/yii/framework/base/CApplication.php(184): CWebApplication->processRequest()
#18 /var/www/myblog/index.php(13): CWebApplication->run()
REQUEST_URI=/myblog/index.php
in /var/www/myblog/protected/views/layouts/main.php (51)
in /var/www/myblog/protected/views/layouts/column1.php (6)
in /var/www/myblog/protected/controllers/SiteController.php (32)
2015/04/25 16:32:50 [error] [php] date(): Invalid date.timezone value 'Asia/Hanoi', we selected the timezone 'UTC' for now. (/var/www/myblog/protected/views/layouts/main.php:51)
Stack trace:
#0 /var/www/yii/framework/web/CBaseController.php(95): SiteController->renderInternal()
#1 /var/www/yii/framework/web/widgets/CContentDecorator.php(76): SiteController->renderFile()
#2 /var/www/yii/framework/web/widgets/CContentDecorator.php(54): CContentDecorator->decorate()
#3 /var/www/yii/framework/web/widgets/COutputProcessor.php(44): CContentDecorator->processOutput()
#4 /var/www/yii/framework/web/CBaseController.php(214): CContentDecorator->run()
#5 /var/www/yii/framework/web/CBaseController.php(308): SiteController->endWidget()
#6 /var/www/myblog/protected/views/layouts/column1.php(6): SiteController->endContent()
#7 /var/www/yii/framework/web/CBaseController.php(126): require()
#8 /var/www/yii/framework/web/CBaseController.php(95): SiteController->renderInternal()
#9 /var/www/yii/framework/web/CController.php(784): SiteController->renderFile()
#10 /var/www/myblog/protected/controllers/SiteController.php(32): SiteController->render()
#11 /var/www/yii/framework/web/actions/CInlineAction.php(49): SiteController->actionIndex()
#12 /var/www/yii/framework/web/CController.php(308): CInlineAction->runWithParams()
#13 /var/www/yii/framework/web/CController.php(286): SiteController->runAction()
#14 /var/www/yii/framework/web/CController.php(265): SiteController->runActionWithFilters()
#15 /var/www/yii/framework/web/CWebApplication.php(282): SiteController->run()
#16 /var/www/yii/framework/web/CWebApplication.php(141): CWebApplication->runController()
#17 /var/www/yii/framework/base/CApplication.php(184): CWebApplication->processRequest()
#18 /var/www/myblog/index.php(13): CWebApplication->run()
REQUEST_URI=/myblog/index.php
in /var/www/myblog/protected/views/layouts/main.php (51)
in /var/www/myblog/protected/views/layouts/column1.php (6)
in /var/www/myblog/protected/controllers/SiteController.php (32)
2015/04/25 16:32:52 [error] [php] date(): Invalid date.timezone value 'Asia/Hanoi', we selected the timezone 'UTC' for now. (/var/www/myblog/protected/views/layouts/main.php:51)
Stack trace:
#0 /var/www/yii/framework/web/CBaseController.php(95): SiteController->renderInternal()
#1 /var/www/yii/framework/web/widgets/CContentDecorator.php(76): SiteController->renderFile()
#2 /var/www/yii/framework/web/widgets/CContentDecorator.php(54): CContentDecorator->decorate()
#3 /var/www/yii/framework/web/widgets/COutputProcessor.php(44): CContentDecorator->processOutput()
#4 /var/www/yii/framework/web/CBaseController.php(214): CContentDecorator->run()
#5 /var/www/yii/framework/web/CBaseController.php(308): SiteController->endWidget()
#6 /var/www/myblog/protected/views/layouts/column1.php(6): SiteController->endContent()
#7 /var/www/yii/framework/web/CBaseController.php(126): require()
#8 /var/www/yii/framework/web/CBaseController.php(95): SiteController->renderInternal()
#9 /var/www/yii/framework/web/CController.php(784): SiteController->renderFile()
#10 /var/www/myblog/protected/controllers/SiteController.php(32): SiteController->render()
#11 /var/www/yii/framework/web/actions/CInlineAction.php(49): SiteController->actionIndex()
#12 /var/www/yii/framework/web/CController.php(308): CInlineAction->runWithParams()
#13 /var/www/yii/framework/web/CController.php(286): SiteController->runAction()
#14 /var/www/yii/framework/web/CController.php(265): SiteController->runActionWithFilters()
#15 /var/www/yii/framework/web/CWebApplication.php(282): SiteController->run()
#16 /var/www/yii/framework/web/CWebApplication.php(141): CWebApplication->runController()
#17 /var/www/yii/framework/base/CApplication.php(184): CWebApplication->processRequest()
#18 /var/www/myblog/index.php(13): CWebApplication->run()
REQUEST_URI=/myblog/index.php
in /var/www/myblog/protected/views/layouts/main.php (51)
in /var/www/myblog/protected/views/layouts/column1.php (6)
in /var/www/myblog/protected/controllers/SiteController.php (32)
2015/04/26 05:01:05 [error] [exception.CHttpException.404] exception 'CHttpException' with message 'Unable to resolve the request "gii".' in /var/www/yii/framework/web/CWebApplication.php:286
Stack trace:
#0 /var/www/yii/framework/web/CWebApplication.php(141): CWebApplication->runController('gii')
#1 /var/www/yii/framework/base/CApplication.php(184): CWebApplication->processRequest()
#2 /var/www/myblog/index.php(13): CApplication->run()
#3 {main}
REQUEST_URI=/myblog/index.php?r=gii
---
2015/04/26 05:01:18 [error] [exception.CHttpException.404] exception 'CHttpException' with message 'Unable to resolve the request "gii".' in /var/www/yii/framework/web/CWebApplication.php:286
Stack trace:
#0 /var/www/yii/framework/web/CWebApplication.php(141): CWebApplication->runController('gii')
#1 /var/www/yii/framework/base/CApplication.php(184): CWebApplication->processRequest()
#2 /var/www/myblog/index.php(13): CApplication->run()
#3 {main}
REQUEST_URI=/myblog/?r=gii
---
2015/04/26 05:09:45 [error] [exception.CHttpException.404] exception 'CHttpException' with message 'Unable to resolve the request "gii".' in /var/www/yii/framework/web/CWebApplication.php:286
Stack trace:
#0 /var/www/yii/framework/web/CWebApplication.php(141): CWebApplication->runController('gii')
#1 /var/www/yii/framework/base/CApplication.php(184): CWebApplication->processRequest()
#2 /var/www/myblog/index.php(13): CApplication->run()
#3 {main}
REQUEST_URI=/myblog/?r=gii
---
2015/04/27 07:24:06 [error] [exception.CException] exception 'CException' with message 'User and its behaviors do not have a method or closure named "validatePassword".' in /var/www/yii/framework/base/CComponent.php:266
Stack trace:
#0 /var/www/yii/framework/db/ar/CActiveRecord.php(227): CComponent->__call('validatePasswor...', Array)
#1 /var/www/myblog/protected/components/UserIdentity.php(26): CActiveRecord->__call('validatePasswor...', Array)
#2 /var/www/myblog/protected/components/UserIdentity.php(26): User->validatePassword('demo')
#3 /var/www/myblog/protected/models/LoginForm.php(52): UserIdentity->authenticate()
#4 /var/www/yii/framework/validators/CInlineValidator.php(42): LoginForm->authenticate('password', Array)
#5 /var/www/yii/framework/validators/CValidator.php(201): CInlineValidator->validateAttribute(Object(LoginForm), 'password')
#6 /var/www/yii/framework/base/CModel.php(159): CValidator->validate(Object(LoginForm), NULL)
#7 /var/www/myblog/protected/controllers/SiteController.php(94): CModel->validate()
#8 /var/www/yii/framework/web/actions/CInlineAction.php(49): SiteController->actionLogin()
#9 /var/www/yii/framework/web/CController.php(308): CInlineAction->runWithParams(Array)
#10 /var/www/yii/framework/web/CController.php(286): CController->runAction(Object(CInlineAction))
#11 /var/www/yii/framework/web/CController.php(265): CController->runActionWithFilters(Object(CInlineAction), Array)
#12 /var/www/yii/framework/web/CWebApplication.php(282): CController->run('login')
#13 /var/www/yii/framework/web/CWebApplication.php(141): CWebApplication->runController('site/login')
#14 /var/www/yii/framework/base/CApplication.php(184): CWebApplication->processRequest()
#15 /var/www/myblog/index.php(13): CApplication->run()
#16 {main}
REQUEST_URI=/index.php/site/login
HTTP_REFERER=http://myblog.dev/index.php/site/login
---
2015/04/27 07:36:23 [error] [exception.CHttpException.404] exception 'CHttpException' with message 'The system is unable to find the requested action "suggestTags".' in /var/www/yii/framework/web/CController.php:483
Stack trace:
#0 /var/www/yii/framework/web/CController.php(270): CController->missingAction('suggestTags')
#1 /var/www/yii/framework/web/CWebApplication.php(282): CController->run('suggestTags')
#2 /var/www/yii/framework/web/CWebApplication.php(141): CWebApplication->runController('post/suggestTag...')
#3 /var/www/yii/framework/base/CApplication.php(184): CWebApplication->processRequest()
#4 /var/www/myblog/index.php(13): CApplication->run()
#5 {main}
REQUEST_URI=/index.php/post/suggestTags?q=is&limit=10&timestamp=1430120183420
HTTP_REFERER=http://myblog.dev/index.php/post/create
---
2015/04/27 07:36:26 [error] [exception.CException] exception 'CException' with message 'Tag and its behaviors do not have a method or closure named "updateFrequency".' in /var/www/yii/framework/base/CComponent.php:266
Stack trace:
#0 /var/www/yii/framework/db/ar/CActiveRecord.php(227): CComponent->__call('updateFrequency', Array)
#1 /var/www/myblog/protected/models/Post.php(159): CActiveRecord->__call('updateFrequency', Array)
#2 /var/www/myblog/protected/models/Post.php(159): Tag->updateFrequency(NULL, 'is')
#3 /var/www/yii/framework/db/ar/CActiveRecord.php(1100): Post->afterSave()
#4 /var/www/yii/framework/db/ar/CActiveRecord.php(809): CActiveRecord->insert(NULL)
#5 /var/www/myblog/protected/controllers/PostController.php(68): CActiveRecord->save()
#6 /var/www/yii/framework/web/actions/CInlineAction.php(49): PostController->actionCreate()
#7 /var/www/yii/framework/web/CController.php(308): CInlineAction->runWithParams(Array)
#8 /var/www/yii/framework/web/filters/CFilterChain.php(133): CController->runAction(Object(CInlineAction))
#9 /var/www/yii/framework/web/filters/CFilter.php(40): CFilterChain->run()
#10 /var/www/yii/framework/web/CController.php(1145): CFilter->filter(Object(CFilterChain))
#11 /var/www/yii/framework/web/filters/CInlineFilter.php(58): CController->filterAccessControl(Object(CFilterChain))
#12 /var/www/yii/framework/web/filters/CFilterChain.php(130): CInlineFilter->filter(Object(CFilterChain))
#13 /var/www/yii/framework/web/CController.php(291): CFilterChain->run()
#14 /var/www/yii/framework/web/CController.php(265): CController->runActionWithFilters(Object(CInlineAction), Array)
#15 /var/www/yii/framework/web/CWebApplication.php(282): CController->run('create')
#16 /var/www/yii/framework/web/CWebApplication.php(141): CWebApplication->runController('post/create')
#17 /var/www/yii/framework/base/CApplication.php(184): CWebApplication->processRequest()
#18 /var/www/myblog/index.php(13): CApplication->run()
#19 {main}
REQUEST_URI=/index.php/post/create
HTTP_REFERER=http://myblog.dev/index.php/post/create
---
2015/04/27 07:38:12 [error] [exception.CHttpException.404] exception 'CHttpException' with message 'The system is unable to find the requested action "suggestTags".' in /var/www/yii/framework/web/CController.php:483
Stack trace:
#0 /var/www/yii/framework/web/CController.php(270): CController->missingAction('suggestTags')
#1 /var/www/yii/framework/web/CWebApplication.php(282): CController->run('suggestTags')
#2 /var/www/yii/framework/web/CWebApplication.php(141): CWebApplication->runController('post/suggestTag...')
#3 /var/www/yii/framework/base/CApplication.php(184): CWebApplication->processRequest()
#4 /var/www/myblog/index.php(13): CApplication->run()
#5 {main}
REQUEST_URI=/index.php/post/suggestTags?q=contetn&limit=10&timestamp=1430120292100
HTTP_REFERER=http://myblog.dev/index.php/post/create
---
2015/04/27 07:38:15 [error] [exception.CException] exception 'CException' with message 'Tag and its behaviors do not have a method or closure named "addTags".' in /var/www/yii/framework/base/CComponent.php:266
Stack trace:
#0 /var/www/yii/framework/db/ar/CActiveRecord.php(227): CComponent->__call('addTags', Array)
#1 /var/www/myblog/protected/models/Tag.php(114): CActiveRecord->__call('addTags', Array)
#2 /var/www/myblog/protected/models/Tag.php(114): Tag->addTags(Array)
#3 /var/www/myblog/protected/models/Post.php(159): Tag->updateFrequency(NULL, 'contetn')
#4 /var/www/yii/framework/db/ar/CActiveRecord.php(1100): Post->afterSave()
#5 /var/www/yii/framework/db/ar/CActiveRecord.php(809): CActiveRecord->insert(NULL)
#6 /var/www/myblog/protected/controllers/PostController.php(68): CActiveRecord->save()
#7 /var/www/yii/framework/web/actions/CInlineAction.php(49): PostController->actionCreate()
#8 /var/www/yii/framework/web/CController.php(308): CInlineAction->runWithParams(Array)
#9 /var/www/yii/framework/web/filters/CFilterChain.php(133): CController->runAction(Object(CInlineAction))
#10 /var/www/yii/framework/web/filters/CFilter.php(40): CFilterChain->run()
#11 /var/www/yii/framework/web/CController.php(1145): CFilter->filter(Object(CFilterChain))
#12 /var/www/yii/framework/web/filters/CInlineFilter.php(58): CController->filterAccessControl(Object(CFilterChain))
#13 /var/www/yii/framework/web/filters/CFilterChain.php(130): CInlineFilter->filter(Object(CFilterChain))
#14 /var/www/yii/framework/web/CController.php(291): CFilterChain->run()
#15 /var/www/yii/framework/web/CController.php(265): CController->runActionWithFilters(Object(CInlineAction), Array)
#16 /var/www/yii/framework/web/CWebApplication.php(282): CController->run('create')
#17 /var/www/yii/framework/web/CWebApplication.php(141): CWebApplication->runController('post/create')
#18 /var/www/yii/framework/base/CApplication.php(184): CWebApplication->processRequest()
#19 /var/www/myblog/index.php(13): CApplication->run()
#20 {main}
REQUEST_URI=/index.php/post/create
HTTP_REFERER=http://myblog.dev/index.php/post/create
---
2015/04/27 07:39:35 [error] [exception.CHttpException.404] exception 'CHttpException' with message 'The system is unable to find the requested action "suggestTags".' in /var/www/yii/framework/web/CController.php:483
Stack trace:
#0 /var/www/yii/framework/web/CController.php(270): CController->missingAction('suggestTags')
#1 /var/www/yii/framework/web/CWebApplication.php(282): CController->run('suggestTags')
#2 /var/www/yii/framework/web/CWebApplication.php(141): CWebApplication->runController('post/suggestTag...')
#3 /var/www/yii/framework/base/CApplication.php(184): CWebApplication->processRequest()
#4 /var/www/myblog/index.php(13): CApplication->run()
#5 {main}
REQUEST_URI=/index.php/post/suggestTags?q=co&limit=10&timestamp=1430120375247
HTTP_REFERER=http://myblog.dev/index.php/post/create
---
2015/04/27 07:39:36 [error] [exception.CHttpException.404] exception 'CHttpException' with message 'The system is unable to find the requested action "suggestTags".' in /var/www/yii/framework/web/CController.php:483
Stack trace:
#0 /var/www/yii/framework/web/CController.php(270): CController->missingAction('suggestTags')
#1 /var/www/yii/framework/web/CWebApplication.php(282): CController->run('suggestTags')
#2 /var/www/yii/framework/web/CWebApplication.php(141): CWebApplication->runController('post/suggestTag...')
#3 /var/www/yii/framework/base/CApplication.php(184): CWebApplication->processRequest()
#4 /var/www/myblog/index.php(13): CApplication->run()
#5 {main}
REQUEST_URI=/index.php/post/suggestTags?q=cont&limit=10&timestamp=1430120376776
HTTP_REFERER=http://myblog.dev/index.php/post/create
---
2015/04/27 07:39:37 [error] [exception.CHttpException.404] exception 'CHttpException' with message 'The system is unable to find the requested action "suggestTags".' in /var/www/yii/framework/web/CController.php:483
Stack trace:
#0 /var/www/yii/framework/web/CController.php(270): CController->missingAction('suggestTags')
#1 /var/www/yii/framework/web/CWebApplication.php(282): CController->run('suggestTags')
#2 /var/www/yii/framework/web/CWebApplication.php(141): CWebApplication->runController('post/suggestTag...')
#3 /var/www/yii/framework/base/CApplication.php(184): CWebApplication->processRequest()
#4 /var/www/myblog/index.php(13): CApplication->run()
#5 {main}
REQUEST_URI=/index.php/post/suggestTags?q=content&limit=10&timestamp=1430120377677
HTTP_REFERER=http://myblog.dev/index.php/post/create
---
2015/04/27 07:47:34 [error] [exception.CException] exception 'CException' with message 'Property "Post.tagLinks" is not defined.' in /var/www/yii/framework/base/CComponent.php:130
Stack trace:
#0 /var/www/yii/framework/db/ar/CActiveRecord.php(145): CComponent->__get('tagLinks')
#1 /var/www/myblog/protected/views/post/_view.php(17): CActiveRecord->__get('tagLinks')
#2 /var/www/yii/framework/web/CBaseController.php(130): require('/var/www/myblog...')
#3 /var/www/yii/framework/web/CBaseController.php(95): CBaseController->renderInternal('/var/www/myblog...', Array, false)
#4 /var/www/yii/framework/zii/widgets/CListView.php(291): CBaseController->renderFile('/var/www/myblog...', Array)
#5 /var/www/yii/framework/zii/widgets/CBaseListView.php(181): CListView->renderItems()
#6 [internal function]: CBaseListView->renderSection(Array)
#7 /var/www/yii/framework/zii/widgets/CBaseListView.php(164): preg_replace_callback('/{(\w+)}/', Array, '{items}?{pager}')
#8 /var/www/yii/framework/zii/widgets/CBaseListView.php(149): CBaseListView->renderContent()
#9 /var/www/yii/framework/web/CBaseController.php(181): CBaseListView->run()
#10 /var/www/myblog/protected/views/post/index.php(9): CBaseController->widget('zii.widgets.CLi...', Array)
#11 /var/www/yii/framework/web/CBaseController.php(126): require('/var/www/myblog...')
#12 /var/www/yii/framework/web/CBaseController.php(95): CBaseController->renderInternal('/var/www/myblog...', Array, true)
#13 /var/www/yii/framework/web/CController.php(869): CBaseController->renderFile('/var/www/myblog...', Array, true)
#14 /var/www/yii/framework/web/CController.php(782): CController->renderPartial('index', Array, true)
#15 /var/www/myblog/protected/controllers/PostController.php(139): CController->render('index', Array)
#16 /var/www/yii/framework/web/actions/CInlineAction.php(49): PostController->actionIndex()
#17 /var/www/yii/framework/web/CController.php(308): CInlineAction->runWithParams(Array)
#18 /var/www/yii/framework/web/filters/CFilterChain.php(133): CController->runAction(Object(CInlineAction))
#19 /var/www/yii/framework/web/filters/CFilter.php(40): CFilterChain->run()
#20 /var/www/yii/framework/web/CController.php(1145): CFilter->filter(Object(CFilterChain))
#21 /var/www/yii/framework/web/filters/CInlineFilter.php(58): CController->filterAccessControl(Object(CFilterChain))
#22 /var/www/yii/framework/web/filters/CFilterChain.php(130): CInlineFilter->filter(Object(CFilterChain))
#23 /var/www/yii/framework/web/CController.php(291): CFilterChain->run()
#24 /var/www/yii/framework/web/CController.php(265): CController->runActionWithFilters(Object(CInlineAction), Array)
#25 /var/www/yii/framework/web/CWebApplication.php(282): CController->run('index')
#26 /var/www/yii/framework/web/CWebApplication.php(141): CWebApplication->runController('post/index')
#27 /var/www/yii/framework/base/CApplication.php(184): CWebApplication->processRequest()
#28 /var/www/myblog/index.php(13): CApplication->run()
#29 {main}
REQUEST_URI=/index.php/post/index
HTTP_REFERER=http://myblog.dev/index.php/post/1
---
2015/04/27 08:34:14 [error] [exception.CException] exception 'CException' with message 'Comment and its behaviors do not have a method or closure named "getUrl".' in /var/www/yii/framework/base/CComponent.php:266
Stack trace:
#0 /var/www/yii/framework/db/ar/CActiveRecord.php(227): CComponent->__call('getUrl', Array)
#1 /var/www/myblog/protected/views/post/_comments.php(4): CActiveRecord->__call('getUrl', Array)
#2 /var/www/myblog/protected/views/post/_comments.php(4): Comment->getUrl(Object(Post))
#3 /var/www/yii/framework/web/CBaseController.php(126): require('/var/www/myblog...')
#4 /var/www/yii/framework/web/CBaseController.php(95): CBaseController->renderInternal('/var/www/myblog...', Array, true)
#5 /var/www/yii/framework/web/CController.php(869): CBaseController->renderFile('/var/www/myblog...', Array, true)
#6 /var/www/myblog/protected/views/post/view.php(44): CController->renderPartial('_comments', Array)
#7 /var/www/yii/framework/web/CBaseController.php(126): require('/var/www/myblog...')
#8 /var/www/yii/framework/web/CBaseController.php(95): CBaseController->renderInternal('/var/www/myblog...', Array, true)
#9 /var/www/yii/framework/web/CController.php(869): CBaseController->renderFile('/var/www/myblog...', Array, true)
#10 /var/www/yii/framework/web/CController.php(782): CController->renderPartial('view', Array, true)
#11 /var/www/myblog/protected/controllers/PostController.php(55): CController->render('view', Array)
#12 /var/www/yii/framework/web/actions/CInlineAction.php(49): PostController->actionView()
#13 /var/www/yii/framework/web/CController.php(308): CInlineAction->runWithParams(Array)
#14 /var/www/yii/framework/web/filters/CFilterChain.php(133): CController->runAction(Object(CInlineAction))
#15 /var/www/yii/framework/web/filters/CFilter.php(40): CFilterChain->run()
#16 /var/www/yii/framework/web/CController.php(1145): CFilter->filter(Object(CFilterChain))
#17 /var/www/yii/framework/web/filters/CInlineFilter.php(58): CController->filterAccessControl(Object(CFilterChain))
#18 /var/www/yii/framework/web/filters/CFilterChain.php(130): CInlineFilter->filter(Object(CFilterChain))
#19 /var/www/yii/framework/web/CController.php(291): CFilterChain->run()
#20 /var/www/yii/framework/web/CController.php(265): CController->runActionWithFilters(Object(CInlineAction), Array)
#21 /var/www/yii/framework/web/CWebApplication.php(282): CController->run('view')
#22 /var/www/yii/framework/web/CWebApplication.php(141): CWebApplication->runController('post/view')
#23 /var/www/yii/framework/base/CApplication.php(184): CWebApplication->processRequest()
#24 /var/www/myblog/index.php(13): CApplication->run()
#25 {main}
REQUEST_URI=/index.php/post/2?title=A+Test+Post
HTTP_REFERER=http://myblog.dev/index.php/post
---
2015/04/27 08:37:27 [error] [exception.CException] exception 'CException' with message 'Property "Comment.authorLink" is not defined.' in /var/www/yii/framework/base/CComponent.php:130
Stack trace:
#0 /var/www/yii/framework/db/ar/CActiveRecord.php(145): CComponent->__get('authorLink')
#1 /var/www/myblog/protected/views/post/_comments.php(10): CActiveRecord->__get('authorLink')
#2 /var/www/yii/framework/web/CBaseController.php(126): require('/var/www/myblog...')
#3 /var/www/yii/framework/web/CBaseController.php(95): CBaseController->renderInternal('/var/www/myblog...', Array, true)
#4 /var/www/yii/framework/web/CController.php(869): CBaseController->renderFile('/var/www/myblog...', Array, true)
#5 /var/www/myblog/protected/views/post/view.php(44): CController->renderPartial('_comments', Array)
#6 /var/www/yii/framework/web/CBaseController.php(126): require('/var/www/myblog...')
#7 /var/www/yii/framework/web/CBaseController.php(95): CBaseController->renderInternal('/var/www/myblog...', Array, true)
#8 /var/www/yii/framework/web/CController.php(869): CBaseController->renderFile('/var/www/myblog...', Array, true)
#9 /var/www/yii/framework/web/CController.php(782): CController->renderPartial('view', Array, true)
#10 /var/www/myblog/protected/controllers/PostController.php(55): CController->render('view', Array)
#11 /var/www/yii/framework/web/actions/CInlineAction.php(49): PostController->actionView()
#12 /var/www/yii/framework/web/CController.php(308): CInlineAction->runWithParams(Array)
#13 /var/www/yii/framework/web/filters/CFilterChain.php(133): CController->runAction(Object(CInlineAction))
#14 /var/www/yii/framework/web/filters/CFilter.php(40): CFilterChain->run()
#15 /var/www/yii/framework/web/CController.php(1145): CFilter->filter(Object(CFilterChain))
#16 /var/www/yii/framework/web/filters/CInlineFilter.php(58): CController->filterAccessControl(Object(CFilterChain))
#17 /var/www/yii/framework/web/filters/CFilterChain.php(130): CInlineFilter->filter(Object(CFilterChain))
#18 /var/www/yii/framework/web/CController.php(291): CFilterChain->run()
#19 /var/www/yii/framework/web/CController.php(265): CController->runActionWithFilters(Object(CInlineAction), Array)
#20 /var/www/yii/framework/web/CWebApplication.php(282): CController->run('view')
#21 /var/www/yii/framework/web/CWebApplication.php(141): CWebApplication->runController('post/view')
#22 /var/www/yii/framework/base/CApplication.php(184): CWebApplication->processRequest()
#23 /var/www/myblog/index.php(13): CApplication->run()
#24 {main}
REQUEST_URI=/index.php/post/2?title=A+Test+Post
HTTP_REFERER=http://myblog.dev/index.php/post
---
2015/04/27 08:46:34 [error] [exception.CException] exception 'CException' with message 'Property "Comment.pendingCommentCount" is not defined.' in /var/www/yii/framework/base/CComponent.php:130
Stack trace:
#0 /var/www/yii/framework/db/ar/CActiveRecord.php(145): CComponent->__get('pendingCommentC...')
#1 /var/www/myblog/protected/components/views/userMenu.php(5): CActiveRecord->__get('pendingCommentC...')
#2 /var/www/yii/framework/web/CBaseController.php(130): require('/var/www/myblog...')
#3 /var/www/yii/framework/web/CBaseController.php(95): CBaseController->renderInternal('/var/www/myblog...', NULL, false)
#4 /var/www/yii/framework/web/widgets/CWidget.php(244): CBaseController->renderFile('/var/www/myblog...', NULL, false)
#5 /var/www/myblog/protected/components/UserMenu.php(14): CWidget->render('userMenu')
#6 /var/www/yii/framework/zii/widgets/CPortlet.php(97): UserMenu->renderContent()
#7 /var/www/yii/framework/web/CBaseController.php(181): CPortlet->run()
#8 /var/www/myblog/protected/views/layouts/column2.php(10): CBaseController->widget('UserMenu')
#9 /var/www/yii/framework/web/CBaseController.php(126): require('/var/www/myblog...')
#10 /var/www/yii/framework/web/CBaseController.php(95): CBaseController->renderInternal('/var/www/myblog...', Array, true)
#11 /var/www/yii/framework/web/CController.php(784): CBaseController->renderFile('/var/www/myblog...', Array, true)
#12 /var/www/myblog/protected/controllers/PostController.php(145): CController->render('index', Array)
#13 /var/www/yii/framework/web/actions/CInlineAction.php(49): PostController->actionIndex()
#14 /var/www/yii/framework/web/CController.php(308): CInlineAction->runWithParams(Array)
#15 /var/www/yii/framework/web/filters/CFilterChain.php(133): CController->runAction(Object(CInlineAction))
#16 /var/www/yii/framework/web/filters/CFilter.php(40): CFilterChain->run()
#17 /var/www/yii/framework/web/CController.php(1145): CFilter->filter(Object(CFilterChain))
#18 /var/www/yii/framework/web/filters/CInlineFilter.php(58): CController->filterAccessControl(Object(CFilterChain))
#19 /var/www/yii/framework/web/filters/CFilterChain.php(130): CInlineFilter->filter(Object(CFilterChain))
#20 /var/www/yii/framework/web/CController.php(291): CFilterChain->run()
#21 /var/www/yii/framework/web/CController.php(265): CController->runActionWithFilters(Object(CInlineAction), Array)
#22 /var/www/yii/framework/web/CWebApplication.php(282): CController->run('')
#23 /var/www/yii/framework/web/CWebApplication.php(141): CWebApplication->runController('post')
#24 /var/www/yii/framework/base/CApplication.php(184): CWebApplication->processRequest()
#25 /var/www/myblog/index.php(13): CApplication->run()
#26 {main}
REQUEST_URI=/index.php/post
---
2015/04/27 08:51:25 [error] [exception.CException] exception 'CException' with message 'Tag and its behaviors do not have a method or closure named "findTagWeights".' in /var/www/yii/framework/base/CComponent.php:266
Stack trace:
#0 /var/www/yii/framework/db/ar/CActiveRecord.php(227): CComponent->__call('findTagWeights', Array)
#1 /var/www/myblog/protected/components/TagCloud.php(12): CActiveRecord->__call('findTagWeights', Array)
#2 /var/www/myblog/protected/components/TagCloud.php(12): Tag->findTagWeights(NULL)
#3 /var/www/yii/framework/zii/widgets/CPortlet.php(97): TagCloud->renderContent()
#4 /var/www/yii/framework/web/CBaseController.php(181): CPortlet->run()
#5 /var/www/myblog/protected/views/layouts/column2.php(14): CBaseController->widget('TagCloud', Array)
#6 /var/www/yii/framework/web/CBaseController.php(126): require('/var/www/myblog...')
#7 /var/www/yii/framework/web/CBaseController.php(95): CBaseController->renderInternal('/var/www/myblog...', Array, true)
#8 /var/www/yii/framework/web/CController.php(784): CBaseController->renderFile('/var/www/myblog...', Array, true)
#9 /var/www/myblog/protected/controllers/PostController.php(145): CController->render('index', Array)
#10 /var/www/yii/framework/web/actions/CInlineAction.php(49): PostController->actionIndex()
#11 /var/www/yii/framework/web/CController.php(308): CInlineAction->runWithParams(Array)
#12 /var/www/yii/framework/web/filters/CFilterChain.php(133): CController->runAction(Object(CInlineAction))
#13 /var/www/yii/framework/web/filters/CFilter.php(40): CFilterChain->run()
#14 /var/www/yii/framework/web/CController.php(1145): CFilter->filter(Object(CFilterChain))
#15 /var/www/yii/framework/web/filters/CInlineFilter.php(58): CController->filterAccessControl(Object(CFilterChain))
#16 /var/www/yii/framework/web/filters/CFilterChain.php(130): CInlineFilter->filter(Object(CFilterChain))
#17 /var/www/yii/framework/web/CController.php(291): CFilterChain->run()
#18 /var/www/yii/framework/web/CController.php(265): CController->runActionWithFilters(Object(CInlineAction), Array)
#19 /var/www/yii/framework/web/CWebApplication.php(282): CController->run('')
#20 /var/www/yii/framework/web/CWebApplication.php(141): CWebApplication->runController('post')
#21 /var/www/yii/framework/base/CApplication.php(184): CWebApplication->processRequest()
#22 /var/www/myblog/index.php(13): CApplication->run()
#23 {main}
REQUEST_URI=/index.php/post
---
2015/04/27 09:26:50 [error] [exception.CHttpException.404] exception 'CHttpException' with message 'The system is unable to find the requested action "suggestTags".' in /var/www/yii/framework/web/CController.php:483
Stack trace:
#0 /var/www/yii/framework/web/CController.php(270): CController->missingAction('suggestTags')
#1 /var/www/yii/framework/web/CWebApplication.php(282): CController->run('suggestTags')
#2 /var/www/yii/framework/web/CWebApplication.php(141): CWebApplication->runController('post/suggestTag...')
#3 /var/www/yii/framework/base/CApplication.php(184): CWebApplication->processRequest()
#4 /var/www/myblog/index.php(13): CApplication->run()
#5 {main}
REQUEST_URI=/index.php/post/suggestTags?q=park&limit=10&timestamp=1430126810029
HTTP_REFERER=http://myblog.dev/index.php/post/create
---
2015/04/27 09:28:27 [error] [exception.CHttpException.404] exception 'CHttpException' with message 'The system is unable to find the requested action "suggestTags".' in /var/www/yii/framework/web/CController.php:483
Stack trace:
#0 /var/www/yii/framework/web/CController.php(270): CController->missingAction('suggestTags')
#1 /var/www/yii/framework/web/CWebApplication.php(282): CController->run('suggestTags')
#2 /var/www/yii/framework/web/CWebApplication.php(141): CWebApplication->runController('post/suggestTag...')
#3 /var/www/yii/framework/base/CApplication.php(184): CWebApplication->processRequest()
#4 /var/www/myblog/index.php(13): CApplication->run()
#5 {main}
REQUEST_URI=/index.php/post/suggestTags?q=c%C3%B4ng+ph%C6%B0%E1%BB%A3ng&limit=10&timestamp=1430126907154
HTTP_REFERER=http://myblog.dev/index.php/post/create
---
2015/04/27 09:28:41 [error] [exception.CHttpException.404] exception 'CHttpException' with message 'The system is unable to find the requested action "suggestTags".' in /var/www/yii/framework/web/CController.php:483
Stack trace:
#0 /var/www/yii/framework/web/CController.php(270): CController->missingAction('suggestTags')
#1 /var/www/yii/framework/web/CWebApplication.php(282): CController->run('suggestTags')
#2 /var/www/yii/framework/web/CWebApplication.php(141): CWebApplication->runController('post/suggestTag...')
#3 /var/www/yii/framework/base/CApplication.php(184): CWebApplication->processRequest()
#4 /var/www/myblog/index.php(13): CApplication->run()
#5 {main}
REQUEST_URI=/index.php/post/suggestTags?q=c%C3%B4ngph%C6%B0%E1%BB%A3ng&limit=10&timestamp=1430126921525
HTTP_REFERER=http://myblog.dev/index.php/post/create
---
2015/04/27 09:28:44 [error] [exception.CHttpException.404] exception 'CHttpException' with message 'The system is unable to find the requested action "suggestTags".' in /var/www/yii/framework/web/CController.php:483
Stack trace:
#0 /var/www/yii/framework/web/CController.php(270): CController->missingAction('suggestTags')
#1 /var/www/yii/framework/web/CWebApplication.php(282): CController->run('suggestTags')
#2 /var/www/yii/framework/web/CWebApplication.php(141): CWebApplication->runController('post/suggestTag...')
#3 /var/www/yii/framework/base/CApplication.php(184): CWebApplication->processRequest()
#4 /var/www/myblog/index.php(13): CApplication->run()
#5 {main}
REQUEST_URI=/index.php/post/suggestTags?q=c%C3%B4ngph%C6%B0%E1%BB%A3ng&limit=10&timestamp=1430126924573
HTTP_REFERER=http://myblog.dev/index.php/post/create
---
2015/04/27 09:28:44 [error] [exception.CHttpException.404] exception 'CHttpException' with message 'The system is unable to find the requested action "suggestTags".' in /var/www/yii/framework/web/CController.php:483
Stack trace:
#0 /var/www/yii/framework/web/CController.php(270): CController->missingAction('suggestTags')
#1 /var/www/yii/framework/web/CWebApplication.php(282): CController->run('suggestTags')
#2 /var/www/yii/framework/web/CWebApplication.php(141): CWebApplication->runController('post/suggestTag...')
#3 /var/www/yii/framework/base/CApplication.php(184): CWebApplication->processRequest()
#4 /var/www/myblog/index.php(13): CApplication->run()
#5 {main}
REQUEST_URI=/index.php/post/suggestTags?q=c%C3%B4ngph%C6%B0%E1%BB%A3ng&limit=10&timestamp=1430126924732
HTTP_REFERER=http://myblog.dev/index.php/post/create
---
2015/04/27 09:28:48 [error] [exception.CHttpException.404] exception 'CHttpException' with message 'The system is unable to find the requested action "suggestTags".' in /var/www/yii/framework/web/CController.php:483
Stack trace:
#0 /var/www/yii/framework/web/CController.php(270): CController->missingAction('suggestTags')
#1 /var/www/yii/framework/web/CWebApplication.php(282): CController->run('suggestTags')
#2 /var/www/yii/framework/web/CWebApplication.php(141): CWebApplication->runController('post/suggestTag...')
#3 /var/www/yii/framework/base/CApplication.php(184): CWebApplication->processRequest()
#4 /var/www/myblog/index.php(13): CApplication->run()
#5 {main}
REQUEST_URI=/index.php/post/suggestTags?q=facebook&limit=10&timestamp=1430126928246
HTTP_REFERER=http://myblog.dev/index.php/post/create
---
2015/04/27 09:29:27 [error] [exception.CHttpException.403] exception 'CHttpException' with message 'You are not authorized to perform this action.' in /var/www/yii/framework/web/auth/CAccessControlFilter.php:182
Stack trace:
#0 /var/www/yii/framework/web/auth/CAccessControlFilter.php(145): CAccessControlFilter->accessDenied(Object(CWebUser), 'You are not aut...')
#1 /var/www/yii/framework/web/filters/CFilter.php(38): CAccessControlFilter->preFilter(Object(CFilterChain))
#2 /var/www/yii/framework/web/CController.php(1145): CFilter->filter(Object(CFilterChain))
#3 /var/www/yii/framework/web/filters/CInlineFilter.php(58): CController->filterAccessControl(Object(CFilterChain))
#4 /var/www/yii/framework/web/filters/CFilterChain.php(130): CInlineFilter->filter(Object(CFilterChain))
#5 /var/www/yii/framework/web/CController.php(291): CFilterChain->run()
#6 /var/www/yii/framework/web/CController.php(265): CController->runActionWithFilters(Object(CInlineAction), Array)
#7 /var/www/yii/framework/web/CWebApplication.php(282): CController->run('approve')
#8 /var/www/yii/framework/web/CWebApplication.php(141): CWebApplication->runController('comment/approve')
#9 /var/www/yii/framework/base/CApplication.php(184): CWebApplication->processRequest()
#10 /var/www/myblog/index.php(13): CApplication->run()
#11 {main}
REQUEST_URI=/index.php/comment/approve?id=3
HTTP_REFERER=http://myblog.dev/index.php/comment/index
---
2015/04/27 09:29:45 [error] [exception.CHttpException.403] exception 'CHttpException' with message 'You are not authorized to perform this action.' in /var/www/yii/framework/web/auth/CAccessControlFilter.php:182
Stack trace:
#0 /var/www/yii/framework/web/auth/CAccessControlFilter.php(145): CAccessControlFilter->accessDenied(Object(CWebUser), 'You are not aut...')
#1 /var/www/yii/framework/web/filters/CFilter.php(38): CAccessControlFilter->preFilter(Object(CFilterChain))
#2 /var/www/yii/framework/web/CController.php(1145): CFilter->filter(Object(CFilterChain))
#3 /var/www/yii/framework/web/filters/CInlineFilter.php(58): CController->filterAccessControl(Object(CFilterChain))
#4 /var/www/yii/framework/web/filters/CFilterChain.php(130): CInlineFilter->filter(Object(CFilterChain))
#5 /var/www/yii/framework/web/CController.php(291): CFilterChain->run()
#6 /var/www/yii/framework/web/CController.php(265): CController->runActionWithFilters(Object(CInlineAction), Array)
#7 /var/www/yii/framework/web/CWebApplication.php(282): CController->run('approve')
#8 /var/www/yii/framework/web/CWebApplication.php(141): CWebApplication->runController('comment/approve')
#9 /var/www/yii/framework/base/CApplication.php(184): CWebApplication->processRequest()
#10 /var/www/myblog/index.php(13): CApplication->run()
#11 {main}
REQUEST_URI=/index.php/comment/approve?id=2
HTTP_REFERER=http://myblog.dev/index.php/comment/index
---
2015/04/27 09:31:37 [error] [exception.CException] exception 'CException' with message 'Property "Post.tagLinks" is not defined.' in /var/www/yii/framework/base/CComponent.php:130
Stack trace:
#0 /var/www/yii/framework/db/ar/CActiveRecord.php(145): CComponent->__get('tagLinks')
#1 /var/www/myblog/protected/views/post/_view.php(17): CActiveRecord->__get('tagLinks')
#2 /var/www/yii/framework/web/CBaseController.php(126): require('/var/www/myblog...')
#3 /var/www/yii/framework/web/CBaseController.php(95): CBaseController->renderInternal('/var/www/myblog...', Array, true)
#4 /var/www/yii/framework/web/CController.php(869): CBaseController->renderFile('/var/www/myblog...', Array, true)
#5 /var/www/myblog/protected/views/post/view.php(10): CController->renderPartial('_view', Array)
#6 /var/www/yii/framework/web/CBaseController.php(126): require('/var/www/myblog...')
#7 /var/www/yii/framework/web/CBaseController.php(95): CBaseController->renderInternal('/var/www/myblog...', Array, true)
#8 /var/www/yii/framework/web/CController.php(869): CBaseController->renderFile('/var/www/myblog...', Array, true)
#9 /var/www/yii/framework/web/CController.php(782): CController->renderPartial('view', Array, true)
#10 /var/www/myblog/protected/controllers/PostController.php(55): CController->render('view', Array)
#11 /var/www/yii/framework/web/actions/CInlineAction.php(49): PostController->actionView()
#12 /var/www/yii/framework/web/CController.php(308): CInlineAction->runWithParams(Array)
#13 /var/www/yii/framework/web/filters/CFilterChain.php(133): CController->runAction(Object(CInlineAction))
#14 /var/www/yii/framework/web/filters/CFilter.php(40): CFilterChain->run()
#15 /var/www/yii/framework/web/CController.php(1145): CFilter->filter(Object(CFilterChain))
#16 /var/www/yii/framework/web/filters/CInlineFilter.php(58): CController->filterAccessControl(Object(CFilterChain))
#17 /var/www/yii/framework/web/filters/CFilterChain.php(130): CInlineFilter->filter(Object(CFilterChain))
#18 /var/www/yii/framework/web/CController.php(291): CFilterChain->run()
#19 /var/www/yii/framework/web/CController.php(265): CController->runActionWithFilters(Object(CInlineAction), Array)
#20 /var/www/yii/framework/web/CWebApplication.php(282): CController->run('view')
#21 /var/www/yii/framework/web/CWebApplication.php(141): CWebApplication->runController('post/view')
#22 /var/www/yii/framework/base/CApplication.php(184): CWebApplication->processRequest()
#23 /var/www/myblog/index.php(13): CApplication->run()
#24 {main}
REQUEST_URI=/index.php/post/7/C%C3%B4ng+Ph%C6%B0%E1%BB%A3ng+l%C3%A0m+nhi%E1%BB%81u+fan+gi%E1%BA%ADt+m%C3%ACnh
HTTP_REFERER=http://myblog.dev/index.php/comment/index
---
2015/04/27 09:33:55 [error] [exception.CHttpException.404] exception 'CHttpException' with message 'The system is unable to find the requested action "suggestTags".' in /var/www/yii/framework/web/CController.php:483
Stack trace:
#0 /var/www/yii/framework/web/CController.php(270): CController->missingAction('suggestTags')
#1 /var/www/yii/framework/web/CWebApplication.php(282): CController->run('suggestTags')
#2 /var/www/yii/framework/web/CWebApplication.php(141): CWebApplication->runController('post/suggestTag...')
#3 /var/www/yii/framework/base/CApplication.php(184): CWebApplication->processRequest()
#4 /var/www/myblog/index.php(13): CApplication->run()
#5 {main}
REQUEST_URI=/index.php/post/suggestTags?q=facebook&limit=10&timestamp=1430127235331
HTTP_REFERER=http://myblog.dev/index.php/post/update?id=1
---
2015/04/27 09:34:13 [error] [exception.CHttpException.403] exception 'CHttpException' with message 'You are not authorized to perform this action.' in /var/www/yii/framework/web/auth/CAccessControlFilter.php:182
Stack trace:
#0 /var/www/yii/framework/web/auth/CAccessControlFilter.php(145): CAccessControlFilter->accessDenied(Object(CWebUser), 'You are not aut...')
#1 /var/www/yii/framework/web/filters/CFilter.php(38): CAccessControlFilter->preFilter(Object(CFilterChain))
#2 /var/www/yii/framework/web/CController.php(1145): CFilter->filter(Object(CFilterChain))
#3 /var/www/yii/framework/web/filters/CInlineFilter.php(58): CController->filterAccessControl(Object(CFilterChain))
#4 /var/www/yii/framework/web/filters/CFilterChain.php(130): CInlineFilter->filter(Object(CFilterChain))
#5 /var/www/yii/framework/web/CController.php(291): CFilterChain->run()
#6 /var/www/yii/framework/web/CController.php(265): CController->runActionWithFilters(Object(CInlineAction), Array)
#7 /var/www/yii/framework/web/CWebApplication.php(282): CController->run('approve')
#8 /var/www/yii/framework/web/CWebApplication.php(141): CWebApplication->runController('comment/approve')
#9 /var/www/yii/framework/base/CApplication.php(184): CWebApplication->processRequest()
#10 /var/www/myblog/index.php(13): CApplication->run()
#11 {main}
REQUEST_URI=/index.php/comment/approve?id=2
HTTP_REFERER=http://myblog.dev/index.php/comment/index
---
2015/04/27 09:35:35 [error] [php] Missing argument 1 for CommentController::loadModel(), called in /var/www/myblog/protected/controllers/CommentController.php on line 175 and defined (/var/www/myblog/protected/controllers/CommentController.php:150)
Stack trace:
#0 /var/www/yii/framework/web/CController.php(308): CInlineAction->runWithParams()
#1 /var/www/yii/framework/web/filters/CFilterChain.php(133): CommentController->runAction()
#2 /var/www/yii/framework/web/filters/CFilter.php(40): CFilterChain->run()
#3 /var/www/yii/framework/web/CController.php(1145): CAccessControlFilter->filter()
#4 /var/www/yii/framework/web/filters/CInlineFilter.php(58): CommentController->filterAccessControl()
#5 /var/www/yii/framework/web/filters/CFilterChain.php(130): CInlineFilter->filter()
#6 /var/www/yii/framework/web/CController.php(291): CFilterChain->run()
#7 /var/www/yii/framework/web/CController.php(265): CommentController->runActionWithFilters()
#8 /var/www/yii/framework/web/CWebApplication.php(282): CommentController->run()
#9 /var/www/yii/framework/web/CWebApplication.php(141): CWebApplication->runController()
#10 /var/www/yii/framework/base/CApplication.php(184): CWebApplication->processRequest()
#11 /var/www/myblog/index.php(13): CWebApplication->run()
REQUEST_URI=/index.php/comment/approve?id=3
in /var/www/myblog/protected/controllers/CommentController.php (150)
in /var/www/myblog/protected/controllers/CommentController.php (175)
in /var/www/myblog/index.php (13)
2015/04/27 09:36:45 [error] [php] Missing argument 1 for CommentController::loadModel(), called in /var/www/myblog/protected/controllers/CommentController.php on line 175 and defined (/var/www/myblog/protected/controllers/CommentController.php:150)
Stack trace:
#0 /var/www/yii/framework/web/CController.php(308): CInlineAction->runWithParams()
#1 /var/www/yii/framework/web/filters/CFilterChain.php(133): CommentController->runAction()
#2 /var/www/yii/framework/web/filters/CFilter.php(40): CFilterChain->run()
#3 /var/www/yii/framework/web/CController.php(1145): CAccessControlFilter->filter()
#4 /var/www/yii/framework/web/filters/CInlineFilter.php(58): CommentController->filterAccessControl()
#5 /var/www/yii/framework/web/filters/CFilterChain.php(130): CInlineFilter->filter()
#6 /var/www/yii/framework/web/CController.php(291): CFilterChain->run()
#7 /var/www/yii/framework/web/CController.php(265): CommentController->runActionWithFilters()
#8 /var/www/yii/framework/web/CWebApplication.php(282): CommentController->run()
#9 /var/www/yii/framework/web/CWebApplication.php(141): CWebApplication->runController()
#10 /var/www/yii/framework/base/CApplication.php(184): CWebApplication->processRequest()
#11 /var/www/myblog/index.php(13): CWebApplication->run()
REQUEST_URI=/index.php/comment/approve?id=3
in /var/www/myblog/protected/controllers/CommentController.php (150)
in /var/www/myblog/protected/controllers/CommentController.php (175)
in /var/www/myblog/index.php (13)
2015/04/27 09:36:50 [error] [php] Missing argument 1 for CommentController::loadModel(), called in /var/www/myblog/protected/controllers/CommentController.php on line 175 and defined (/var/www/myblog/protected/controllers/CommentController.php:150)
Stack trace:
#0 /var/www/yii/framework/web/CController.php(308): CInlineAction->runWithParams()
#1 /var/www/yii/framework/web/filters/CFilterChain.php(133): CommentController->runAction()
#2 /var/www/yii/framework/web/filters/CFilter.php(40): CFilterChain->run()
#3 /var/www/yii/framework/web/CController.php(1145): CAccessControlFilter->filter()
#4 /var/www/yii/framework/web/filters/CInlineFilter.php(58): CommentController->filterAccessControl()
#5 /var/www/yii/framework/web/filters/CFilterChain.php(130): CInlineFilter->filter()
#6 /var/www/yii/framework/web/CController.php(291): CFilterChain->run()
#7 /var/www/yii/framework/web/CController.php(265): CommentController->runActionWithFilters()
#8 /var/www/yii/framework/web/CWebApplication.php(282): CommentController->run()
#9 /var/www/yii/framework/web/CWebApplication.php(141): CWebApplication->runController()
#10 /var/www/yii/framework/base/CApplication.php(184): CWebApplication->processRequest()
#11 /var/www/myblog/index.php(13): CWebApplication->run()
REQUEST_URI=/index.php/comment/approve?id=3
in /var/www/myblog/protected/controllers/CommentController.php (150)
in /var/www/myblog/protected/controllers/CommentController.php (175)
in /var/www/myblog/index.php (13)
2015/04/27 09:53:06 [error] [php] Missing argument 1 for CommentController::loadModel(), called in /var/www/myblog/protected/controllers/CommentController.php on line 175 and defined (/var/www/myblog/protected/controllers/CommentController.php:150)
Stack trace:
#0 /var/www/yii/framework/web/CController.php(308): CInlineAction->runWithParams()
#1 /var/www/yii/framework/web/filters/CFilterChain.php(133): CommentController->runAction()
#2 /var/www/yii/framework/web/filters/CFilter.php(40): CFilterChain->run()
#3 /var/www/yii/framework/web/CController.php(1145): CAccessControlFilter->filter()
#4 /var/www/yii/framework/web/filters/CInlineFilter.php(58): CommentController->filterAccessControl()
#5 /var/www/yii/framework/web/filters/CFilterChain.php(130): CInlineFilter->filter()
#6 /var/www/yii/framework/web/CController.php(291): CFilterChain->run()
#7 /var/www/yii/framework/web/CController.php(265): CommentController->runActionWithFilters()
#8 /var/www/yii/framework/web/CWebApplication.php(282): CommentController->run()
#9 /var/www/yii/framework/web/CWebApplication.php(141): CWebApplication->runController()
#10 /var/www/yii/framework/base/CApplication.php(184): CWebApplication->processRequest()
#11 /var/www/myblog/index.php(13): CWebApplication->run()
REQUEST_URI=/index.php/comment/approve?id=2
in /var/www/myblog/protected/controllers/CommentController.php (150)
in /var/www/myblog/protected/controllers/CommentController.php (175)
in /var/www/myblog/index.php (13)
2015/04/27 09:55:56 [error] [php] Missing argument 1 for CommentController::loadModel(), called in /var/www/myblog/protected/controllers/CommentController.php on line 175 and defined (/var/www/myblog/protected/controllers/CommentController.php:150)
Stack trace:
#0 /var/www/yii/framework/web/CController.php(308): CInlineAction->runWithParams()
#1 /var/www/yii/framework/web/filters/CFilterChain.php(133): CommentController->runAction()
#2 /var/www/yii/framework/web/filters/CFilter.php(40): CFilterChain->run()
#3 /var/www/yii/framework/web/CController.php(1145): CAccessControlFilter->filter()
#4 /var/www/yii/framework/web/filters/CInlineFilter.php(58): CommentController->filterAccessControl()
#5 /var/www/yii/framework/web/filters/CFilterChain.php(130): CInlineFilter->filter()
#6 /var/www/yii/framework/web/CController.php(291): CFilterChain->run()
#7 /var/www/yii/framework/web/CController.php(265): CommentController->runActionWithFilters()
#8 /var/www/yii/framework/web/CWebApplication.php(282): CommentController->run()
#9 /var/www/yii/framework/web/CWebApplication.php(141): CWebApplication->runController()
#10 /var/www/yii/framework/base/CApplication.php(184): CWebApplication->processRequest()
#11 /var/www/myblog/index.php(13): CWebApplication->run()
REQUEST_URI=/index.php/comment/approve?id=2
in /var/www/myblog/protected/controllers/CommentController.php (150)
in /var/www/myblog/protected/controllers/CommentController.php (175)
in /var/www/myblog/index.php (13)
2015/04/27 09:57:01 [error] [php] Missing argument 1 for CommentController::loadModel(), called in /var/www/myblog/protected/controllers/CommentController.php on line 175 and defined (/var/www/myblog/protected/controllers/CommentController.php:150)
Stack trace:
#0 /var/www/yii/framework/web/CController.php(308): CInlineAction->runWithParams()
#1 /var/www/yii/framework/web/filters/CFilterChain.php(133): CommentController->runAction()
#2 /var/www/yii/framework/web/filters/CFilter.php(40): CFilterChain->run()
#3 /var/www/yii/framework/web/CController.php(1145): CAccessControlFilter->filter()
#4 /var/www/yii/framework/web/filters/CInlineFilter.php(58): CommentController->filterAccessControl()
#5 /var/www/yii/framework/web/filters/CFilterChain.php(130): CInlineFilter->filter()
#6 /var/www/yii/framework/web/CController.php(291): CFilterChain->run()
#7 /var/www/yii/framework/web/CController.php(265): CommentController->runActionWithFilters()
#8 /var/www/yii/framework/web/CWebApplication.php(282): CommentController->run()
#9 /var/www/yii/framework/web/CWebApplication.php(141): CWebApplication->runController()
#10 /var/www/yii/framework/base/CApplication.php(184): CWebApplication->processRequest()
#11 /var/www/myblog/index.php(13): CWebApplication->run()
REQUEST_URI=/index.php/comment/approve?id=2
in /var/www/myblog/protected/controllers/CommentController.php (150)
in /var/www/myblog/protected/controllers/CommentController.php (175)
in /var/www/myblog/index.php (13)
2015/04/27 10:04:33 [error] [php] Missing argument 1 for CommentController::loadModel(), called in /var/www/myblog/protected/controllers/CommentController.php on line 176 and defined (/var/www/myblog/protected/controllers/CommentController.php:151)
Stack trace:
#0 /var/www/yii/framework/web/CController.php(308): CInlineAction->runWithParams()
#1 /var/www/yii/framework/web/filters/CFilterChain.php(133): CommentController->runAction()
#2 /var/www/yii/framework/web/filters/CFilter.php(40): CFilterChain->run()
#3 /var/www/yii/framework/web/CController.php(1145): CAccessControlFilter->filter()
#4 /var/www/yii/framework/web/filters/CInlineFilter.php(58): CommentController->filterAccessControl()
#5 /var/www/yii/framework/web/filters/CFilterChain.php(130): CInlineFilter->filter()
#6 /var/www/yii/framework/web/CController.php(291): CFilterChain->run()
#7 /var/www/yii/framework/web/CController.php(265): CommentController->runActionWithFilters()
#8 /var/www/yii/framework/web/CWebApplication.php(282): CommentController->run()
#9 /var/www/yii/framework/web/CWebApplication.php(141): CWebApplication->runController()
#10 /var/www/yii/framework/base/CApplication.php(184): CWebApplication->processRequest()
#11 /var/www/myblog/index.php(13): CWebApplication->run()
REQUEST_URI=/index.php/comment/approve?id=2
in /var/www/myblog/protected/controllers/CommentController.php (151)
in /var/www/myblog/protected/controllers/CommentController.php (176)
in /var/www/myblog/index.php (13)
2015/04/27 10:04:38 [error] [php] Missing argument 1 for CommentController::loadModel(), called in /var/www/myblog/protected/controllers/CommentController.php on line 176 and defined (/var/www/myblog/protected/controllers/CommentController.php:151)
Stack trace:
#0 /var/www/yii/framework/web/CController.php(308): CInlineAction->runWithParams()
#1 /var/www/yii/framework/web/filters/CFilterChain.php(133): CommentController->runAction()
#2 /var/www/yii/framework/web/filters/CFilter.php(40): CFilterChain->run()
#3 /var/www/yii/framework/web/CController.php(1145): CAccessControlFilter->filter()
#4 /var/www/yii/framework/web/filters/CInlineFilter.php(58): CommentController->filterAccessControl()
#5 /var/www/yii/framework/web/filters/CFilterChain.php(130): CInlineFilter->filter()
#6 /var/www/yii/framework/web/CController.php(291): CFilterChain->run()
#7 /var/www/yii/framework/web/CController.php(265): CommentController->runActionWithFilters()
#8 /var/www/yii/framework/web/CWebApplication.php(282): CommentController->run()
#9 /var/www/yii/framework/web/CWebApplication.php(141): CWebApplication->runController()
#10 /var/www/yii/framework/base/CApplication.php(184): CWebApplication->processRequest()
#11 /var/www/myblog/index.php(13): CWebApplication->run()
REQUEST_URI=/index.php/comment/approve?id=2
in /var/www/myblog/protected/controllers/CommentController.php (151)
in /var/www/myblog/protected/controllers/CommentController.php (176)
in /var/www/myblog/index.php (13)
2015/04/27 10:05:06 [error] [php] Missing argument 1 for CommentController::loadModel(), called in /var/www/myblog/protected/controllers/CommentController.php on line 176 and defined (/var/www/myblog/protected/controllers/CommentController.php:151)
Stack trace:
#0 /var/www/yii/framework/web/CController.php(308): CInlineAction->runWithParams()
#1 /var/www/yii/framework/web/filters/CFilterChain.php(133): CommentController->runAction()
#2 /var/www/yii/framework/web/filters/CFilter.php(40): CFilterChain->run()
#3 /var/www/yii/framework/web/CController.php(1145): CAccessControlFilter->filter()
#4 /var/www/yii/framework/web/filters/CInlineFilter.php(58): CommentController->filterAccessControl()
#5 /var/www/yii/framework/web/filters/CFilterChain.php(130): CInlineFilter->filter()
#6 /var/www/yii/framework/web/CController.php(291): CFilterChain->run()
#7 /var/www/yii/framework/web/CController.php(265): CommentController->runActionWithFilters()
#8 /var/www/yii/framework/web/CWebApplication.php(282): CommentController->run()
#9 /var/www/yii/framework/web/CWebApplication.php(141): CWebApplication->runController()
#10 /var/www/yii/framework/base/CApplication.php(184): CWebApplication->processRequest()
#11 /var/www/myblog/index.php(13): CWebApplication->run()
REQUEST_URI=/index.php/comment/approve?id=2
in /var/www/myblog/protected/controllers/CommentController.php (151)
in /var/www/myblog/protected/controllers/CommentController.php (176)
in /var/www/myblog/index.php (13)
